<testsuite errors="0" failures="1" hostname="LAPTOP-07871PLC" name="features.login.contents.Test contents of the login page" skipped="0" tests="7" time="115.176407" timestamp="2020-01-18T16:23:40.550247"><testcase classname="features.login.contents.Test contents of the login page" name="Login page title is displayed" status="passed" time="11.376054"><system-out>
<![CDATA[
@scenario.begin
  Scenario: Login page title is displayed
    Given I am on login page ... passed in 11.216s
    Then There is a title shown on the page ... passed in 0.085s
    And The title tag contains "Account - Log In" ... passed in 0.075s

@scenario.end
--------------------------------------------------------------------------------
]]>
</system-out></testcase><testcase classname="features.login.contents.Test contents of the login page" name="Login page displays navigation bar" status="passed" time="12.88806"><system-out>
<![CDATA[
@scenario.begin
  Scenario: Login page displays navigation bar
    Given I am on login page ... passed in 12.531s
    Then The navigation bar header "ACME System 1" is displayed ... passed in 0.092s
    And The navigation link "Home" is displayed ... passed in 0.156s
    And The navigation link "Log In" is displayed ... passed in 0.109s

@scenario.end
--------------------------------------------------------------------------------
]]>
</system-out></testcase><testcase classname="features.login.contents.Test contents of the login page" name="Login page displays breadcrumbs" status="passed" time="18.750946"><system-out>
<![CDATA[
@scenario.begin
  Scenario: Login page displays breadcrumbs
    Given I am on login page ... passed in 18.510s
    Then The breadcrumb "Home" is displayed ... passed in 0.147s
    And The breadcrumb "Account - Log In" is displayed ... passed in 0.094s

@scenario.end
--------------------------------------------------------------------------------
]]>
</system-out></testcase><testcase classname="features.login.contents.Test contents of the login page" name="Login page displays container header" status="failed" time="17.540428"><failure message="Expected: To continue, please authenticate here1, Actual: To continue, please authenticate here" type="AssertionError">
<![CDATA[
Failing step: And Login Page container header tag contains "To continue, please authenticate here1" ... failed in 0.076s
Location: features/login/contents.feature:22
Assertion Failed: Expected: To continue, please authenticate here1, Actual: To continue, please authenticate here]]>
</failure><system-out>
<![CDATA[
@scenario.begin
  Scenario: Login page displays container header
    Given I am on login page ... passed in 17.399s
    Then Login Page displays container header ... passed in 0.065s
    And Login Page container header tag contains "To continue, please authenticate here1" ... failed in 0.076s

@scenario.end
--------------------------------------------------------------------------------
]]>
</system-out></testcase><testcase classname="features.login.contents.Test contents of the login page" name="Login page displays email and password fields" status="passed" time="18.147452"><system-out>
<![CDATA[
@scenario.begin
  Scenario: Login page displays email and password fields
    Given I am on login page ... passed in 17.667s
    Then There is a field label "Email:" displayed ... passed in 0.175s
    And There is a text field "email" displayed ... passed in 0.109s
    And There is a field label "Password:" displayed ... passed in 0.109s
    And There is a text field "password" displayed ... passed in 0.087s

@scenario.end
--------------------------------------------------------------------------------
]]>
</system-out></testcase><testcase classname="features.login.contents.Test contents of the login page" name="Login page displays buttons" status="passed" time="19.203803"><system-out>
<![CDATA[
@scenario.begin
  Scenario: Login page displays buttons
    Given I am on login page ... passed in 18.725s
    Then There is a "Log In" button displayed ... passed in 0.244s
    And There is a "Forgot Password" button displayed ... passed in 0.125s
    And There is a "Register" button displayed ... passed in 0.109s

@scenario.end
--------------------------------------------------------------------------------
]]>
</system-out></testcase><testcase classname="features.login.contents.Test contents of the login page" name="Login page displays footer" status="passed" time="17.269664"><system-out>
<![CDATA[
@scenario.begin
  Scenario: Login page displays footer
    Given I am on login page ... passed in 17.145s
    Then There is a footer shown on the page ... passed in 0.047s
    And The text displayed is "Copyright Â© 2020 ACME Systems" ... passed in 0.078s

@scenario.end
--------------------------------------------------------------------------------
]]>
</system-out></testcase></testsuite>